[debug] [2024-01-13T20:18:10.170Z] ----------------------------------------------------------------------
[debug] [2024-01-13T20:18:10.172Z] Command:       /usr/local/bin/node /Users/eljakes/.npm-global/bin/firebase init
[debug] [2024-01-13T20:18:10.172Z] CLI Version:   13.0.3
[debug] [2024-01-13T20:18:10.172Z] Platform:      darwin
[debug] [2024-01-13T20:18:10.172Z] Node Version:  v20.9.0
[debug] [2024-01-13T20:18:10.172Z] Time:          Sat Jan 13 2024 20:18:10 GMT+0000 (Greenwich Mean Time)
[debug] [2024-01-13T20:18:10.172Z] ----------------------------------------------------------------------
[debug] 
[debug] [2024-01-13T20:18:10.174Z] > command requires scopes: ["email","openid","https://www.googleapis.com/auth/cloudplatformprojects.readonly","https://www.googleapis.com/auth/firebase","https://www.googleapis.com/auth/cloud-platform"]
[debug] [2024-01-13T20:18:10.174Z] > authorizing via signed-in user (elvisowususekyere89@gmail.com)
[info] 
     ######## #### ########  ######## ########     ###     ######  ########
     ##        ##  ##     ## ##       ##     ##  ##   ##  ##       ##
     ######    ##  ########  ######   ########  #########  ######  ######
     ##        ##  ##    ##  ##       ##     ## ##     ##       ## ##
     ##       #### ##     ## ######## ########  ##     ##  ######  ########

You're about to initialize a Firebase project in this directory:

  /Users/eljakes/payment-tracker

[info] 
=== Project Setup
[info] 
[info] First, let's associate this project directory with a Firebase project.
[info] You can create multiple project aliases by running firebase use --add, 
[info] but for now we'll just set up a default project.
[info] 
[debug] [2024-01-13T20:18:31.596Z] >>> [apiv2][query] GET https://firebase.googleapis.com/v1beta1/projects pageSize=100
[debug] [2024-01-13T20:18:32.624Z] <<< [apiv2][status] GET https://firebase.googleapis.com/v1beta1/projects 200
[debug] [2024-01-13T20:18:32.624Z] <<< [apiv2][body] GET https://firebase.googleapis.com/v1beta1/projects [omitted]
[info] i  Using project trip-payment (Trip Payment) 
[info] 
=== Database Setup
[info] i  database: ensuring required API firebasedatabase.googleapis.com is enabled... 
[debug] [2024-01-13T20:18:36.512Z] >>> [apiv2][query] GET https://serviceusage.googleapis.com/v1/projects/trip-payment/services/firebasedatabase.googleapis.com [none]
[debug] [2024-01-13T20:18:36.512Z] >>> [apiv2][(partial)header] GET https://serviceusage.googleapis.com/v1/projects/trip-payment/services/firebasedatabase.googleapis.com x-goog-quota-user=projects/trip-payment
[debug] [2024-01-13T20:18:39.661Z] <<< [apiv2][status] GET https://serviceusage.googleapis.com/v1/projects/trip-payment/services/firebasedatabase.googleapis.com 200
[debug] [2024-01-13T20:18:39.662Z] <<< [apiv2][body] GET https://serviceusage.googleapis.com/v1/projects/trip-payment/services/firebasedatabase.googleapis.com [omitted]
[info] ✔  database: required API firebasedatabase.googleapis.com is enabled 
[info] 
[debug] [2024-01-13T20:18:39.663Z] >>> [apiv2][query] GET https://firebasedatabase.googleapis.com/v1beta/projects/trip-payment/locations/-/instances/trip-payment-default-rtdb [none]
[debug] [2024-01-13T20:18:41.271Z] <<< [apiv2][status] GET https://firebasedatabase.googleapis.com/v1beta/projects/trip-payment/locations/-/instances/trip-payment-default-rtdb 200
[debug] [2024-01-13T20:18:41.272Z] <<< [apiv2][body] GET https://firebasedatabase.googleapis.com/v1beta/projects/trip-payment/locations/-/instances/trip-payment-default-rtdb {"name":"projects/466569723967/locations/us-central1/instances/trip-payment-default-rtdb","project":"projects/466569723967","databaseUrl":"https://trip-payment-default-rtdb.firebaseio.com","type":"DEFAULT_DATABASE","state":"ACTIVE"}
[info] 
[info] Firebase Realtime Database Security Rules allow you to define how your data should be
[info] structured and when your data can be read from and written to.
[info] 
[debug] [2024-01-13T20:19:13.615Z] >>> [apiv2][query] GET https://trip-payment-default-rtdb.firebaseio.com/.settings/rules.json [none]
[debug] [2024-01-13T20:19:18.221Z] <<< [apiv2][status] GET https://trip-payment-default-rtdb.firebaseio.com/.settings/rules.json 200
[debug] [2024-01-13T20:19:18.222Z] <<< [apiv2][body] GET https://trip-payment-default-rtdb.firebaseio.com/.settings/rules.json [stream]
[info] ✔  Database Rules for trip-payment-default-rtdb have been written to database.rules.json. 
[info] Future modifications to database.rules.json will update Realtime Database Security Rules when you run
[info] firebase deploy.
[info] 
=== Firestore Setup
[debug] [2024-01-13T20:19:18.226Z] >>> [apiv2][query] GET https://serviceusage.googleapis.com/v1/projects/trip-payment/services/firestore.googleapis.com [none]
[debug] [2024-01-13T20:19:18.226Z] >>> [apiv2][(partial)header] GET https://serviceusage.googleapis.com/v1/projects/trip-payment/services/firestore.googleapis.com x-goog-quota-user=projects/trip-payment
[debug] [2024-01-13T20:19:20.615Z] <<< [apiv2][status] GET https://serviceusage.googleapis.com/v1/projects/trip-payment/services/firestore.googleapis.com 200
[debug] [2024-01-13T20:19:20.615Z] <<< [apiv2][body] GET https://serviceusage.googleapis.com/v1/projects/trip-payment/services/firestore.googleapis.com [omitted]
[debug] [2024-01-13T20:19:20.616Z] >>> [apiv2][query] GET https://firestore.googleapis.com/v1/projects/trip-payment/databases/(default) [none]
[debug] [2024-01-13T20:19:28.176Z] <<< [apiv2][status] GET https://firestore.googleapis.com/v1/projects/trip-payment/databases/(default) 200
[debug] [2024-01-13T20:19:28.176Z] <<< [apiv2][body] GET https://firestore.googleapis.com/v1/projects/trip-payment/databases/(default) {"name":"projects/trip-payment/databases/(default)","uid":"63c0883f-1a18-42df-879a-2322f0b11242","createTime":"2024-01-13T20:15:45.539317Z","updateTime":"2024-01-13T20:15:45.539317Z","locationId":"nam5","type":"FIRESTORE_NATIVE","concurrencyMode":"PESSIMISTIC","versionRetentionPeriod":"3600s","earliestVersionTime":"2024-01-13T20:15:45.539317Z","appEngineIntegrationMode":"DISABLED","keyPrefix":"s","pointInTimeRecoveryEnablement":"POINT_IN_TIME_RECOVERY_DISABLED","deleteProtectionState":"DELETE_PROTECTION_DISABLED","etag":"IOGIk/uX24MDMPXx+JCX24MD"}
[debug] [2024-01-13T20:19:28.176Z] database_type: FIRESTORE_NATIVE
[debug] [2024-01-13T20:19:28.177Z] > command requires scopes: ["email","openid","https://www.googleapis.com/auth/cloudplatformprojects.readonly","https://www.googleapis.com/auth/firebase","https://www.googleapis.com/auth/cloud-platform"]
[debug] [2024-01-13T20:19:28.177Z] > authorizing via signed-in user (elvisowususekyere89@gmail.com)
[debug] [2024-01-13T20:19:28.177Z] [iam] checking project trip-payment for permissions ["firebase.projects.get"]
[debug] [2024-01-13T20:19:28.178Z] >>> [apiv2][query] POST https://cloudresourcemanager.googleapis.com/v1/projects/trip-payment:testIamPermissions [none]
[debug] [2024-01-13T20:19:28.178Z] >>> [apiv2][(partial)header] POST https://cloudresourcemanager.googleapis.com/v1/projects/trip-payment:testIamPermissions x-goog-quota-user=projects/trip-payment
[debug] [2024-01-13T20:19:28.178Z] >>> [apiv2][body] POST https://cloudresourcemanager.googleapis.com/v1/projects/trip-payment:testIamPermissions {"permissions":["firebase.projects.get"]}
[debug] [2024-01-13T20:19:30.374Z] <<< [apiv2][status] POST https://cloudresourcemanager.googleapis.com/v1/projects/trip-payment:testIamPermissions 200
[debug] [2024-01-13T20:19:30.374Z] <<< [apiv2][body] POST https://cloudresourcemanager.googleapis.com/v1/projects/trip-payment:testIamPermissions {"permissions":["firebase.projects.get"]}
[info] 
[info] Firestore Security Rules allow you to define how and when to allow
[info] requests. You can keep these rules in your project directory
[info] and publish them with firebase deploy.
[info] 
[debug] [2024-01-13T20:19:49.598Z] >>> [apiv2][query] GET https://firebaserules.googleapis.com/v1/projects/trip-payment/releases pageSize=10&pageToken=
[debug] [2024-01-13T20:19:51.736Z] <<< [apiv2][status] GET https://firebaserules.googleapis.com/v1/projects/trip-payment/releases 200
[debug] [2024-01-13T20:19:51.736Z] <<< [apiv2][body] GET https://firebaserules.googleapis.com/v1/projects/trip-payment/releases {"releases":[{"name":"projects/trip-payment/releases/cloud.firestore","rulesetName":"projects/trip-payment/rulesets/32098df3-853e-4287-8b91-fe5d1e4a2106","createTime":"2024-01-13T20:15:52.587168Z","updateTime":"2024-01-13T20:15:52.587168Z"}]}
[debug] [2024-01-13T20:19:51.736Z] Found ruleset: projects/trip-payment/rulesets/32098df3-853e-4287-8b91-fe5d1e4a2106
[debug] [2024-01-13T20:19:51.737Z] >>> [apiv2][query] GET https://firebaserules.googleapis.com/v1/projects/trip-payment/rulesets/32098df3-853e-4287-8b91-fe5d1e4a2106 [none]
[debug] [2024-01-13T20:19:52.545Z] <<< [apiv2][status] GET https://firebaserules.googleapis.com/v1/projects/trip-payment/rulesets/32098df3-853e-4287-8b91-fe5d1e4a2106 200
[debug] [2024-01-13T20:19:52.545Z] <<< [apiv2][body] GET https://firebaserules.googleapis.com/v1/projects/trip-payment/rulesets/32098df3-853e-4287-8b91-fe5d1e4a2106 [omitted]
[info] 
[info] Firestore indexes allow you to perform complex queries while
[info] maintaining performance that scales with the size of the result
[info] set. You can keep index definitions in your project directory
[info] and publish them with firebase deploy.
[info] 
[debug] [2024-01-13T20:20:18.407Z] >>> [apiv2][query] GET https://firestore.googleapis.com/v1/projects/trip-payment/databases/(default)/collectionGroups/-/indexes [none]
[debug] [2024-01-13T20:20:18.410Z] >>> [apiv2][query] GET https://firestore.googleapis.com/v1/projects/trip-payment/databases/(default)/collectionGroups/-/fields?filter=indexConfig.usesAncestorConfig=false OR ttlConfig:* [none]
[debug] [2024-01-13T20:20:22.135Z] <<< [apiv2][status] GET https://firestore.googleapis.com/v1/projects/trip-payment/databases/(default)/collectionGroups/-/fields?filter=indexConfig.usesAncestorConfig=false OR ttlConfig:* 200
[debug] [2024-01-13T20:20:22.136Z] <<< [apiv2][body] GET https://firestore.googleapis.com/v1/projects/trip-payment/databases/(default)/collectionGroups/-/fields?filter=indexConfig.usesAncestorConfig=false OR ttlConfig:* {"fields":[{"name":"projects/trip-payment/databases/(default)/collectionGroups/__default__/fields/*","indexConfig":{"indexes":[{"queryScope":"COLLECTION","fields":[{"fieldPath":"*","order":"ASCENDING"}],"state":"READY"},{"queryScope":"COLLECTION","fields":[{"fieldPath":"*","order":"DESCENDING"}],"state":"READY"},{"queryScope":"COLLECTION","fields":[{"fieldPath":"*","arrayConfig":"CONTAINS"}],"state":"READY"}]}}]}
[debug] [2024-01-13T20:20:23.021Z] <<< [apiv2][status] GET https://firestore.googleapis.com/v1/projects/trip-payment/databases/(default)/collectionGroups/-/indexes 200
[debug] [2024-01-13T20:20:23.021Z] <<< [apiv2][body] GET https://firestore.googleapis.com/v1/projects/trip-payment/databases/(default)/collectionGroups/-/indexes {}
[info] 
=== Functions Setup
[debug] [2024-01-13T20:20:23.023Z] > command requires scopes: ["email","openid","https://www.googleapis.com/auth/cloudplatformprojects.readonly","https://www.googleapis.com/auth/firebase","https://www.googleapis.com/auth/cloud-platform"]
[debug] [2024-01-13T20:20:23.023Z] > authorizing via signed-in user (elvisowususekyere89@gmail.com)
[debug] [2024-01-13T20:20:23.023Z] [iam] checking project trip-payment for permissions ["firebase.projects.get"]
[debug] [2024-01-13T20:20:23.024Z] >>> [apiv2][query] POST https://cloudresourcemanager.googleapis.com/v1/projects/trip-payment:testIamPermissions [none]
[debug] [2024-01-13T20:20:23.024Z] >>> [apiv2][(partial)header] POST https://cloudresourcemanager.googleapis.com/v1/projects/trip-payment:testIamPermissions x-goog-quota-user=projects/trip-payment
[debug] [2024-01-13T20:20:23.024Z] >>> [apiv2][body] POST https://cloudresourcemanager.googleapis.com/v1/projects/trip-payment:testIamPermissions {"permissions":["firebase.projects.get"]}
[debug] [2024-01-13T20:20:24.250Z] <<< [apiv2][status] POST https://cloudresourcemanager.googleapis.com/v1/projects/trip-payment:testIamPermissions 200
[debug] [2024-01-13T20:20:24.250Z] <<< [apiv2][body] POST https://cloudresourcemanager.googleapis.com/v1/projects/trip-payment:testIamPermissions {"permissions":["firebase.projects.get"]}
[debug] [2024-01-13T20:20:24.251Z] >>> [apiv2][query] GET https://serviceusage.googleapis.com/v1/projects/trip-payment/services/cloudfunctions.googleapis.com [none]
[debug] [2024-01-13T20:20:24.251Z] >>> [apiv2][(partial)header] GET https://serviceusage.googleapis.com/v1/projects/trip-payment/services/cloudfunctions.googleapis.com x-goog-quota-user=projects/trip-payment
[debug] [2024-01-13T20:20:24.252Z] >>> [apiv2][query] GET https://serviceusage.googleapis.com/v1/projects/trip-payment/services/runtimeconfig.googleapis.com [none]
[debug] [2024-01-13T20:20:24.252Z] >>> [apiv2][(partial)header] GET https://serviceusage.googleapis.com/v1/projects/trip-payment/services/runtimeconfig.googleapis.com x-goog-quota-user=projects/trip-payment
[debug] [2024-01-13T20:20:26.752Z] <<< [apiv2][status] GET https://serviceusage.googleapis.com/v1/projects/trip-payment/services/runtimeconfig.googleapis.com 200
[debug] [2024-01-13T20:20:26.752Z] <<< [apiv2][body] GET https://serviceusage.googleapis.com/v1/projects/trip-payment/services/runtimeconfig.googleapis.com [omitted]
[debug] [2024-01-13T20:20:27.282Z] <<< [apiv2][status] GET https://serviceusage.googleapis.com/v1/projects/trip-payment/services/cloudfunctions.googleapis.com 200
[debug] [2024-01-13T20:20:27.282Z] <<< [apiv2][body] GET https://serviceusage.googleapis.com/v1/projects/trip-payment/services/cloudfunctions.googleapis.com [omitted]
[debug] [2024-01-13T20:20:27.283Z] >>> [apiv2][query] POST https://serviceusage.googleapis.com/v1/projects/trip-payment/services/cloudfunctions.googleapis.com:enable [none]
[debug] [2024-01-13T20:20:27.283Z] >>> [apiv2][(partial)header] POST https://serviceusage.googleapis.com/v1/projects/trip-payment/services/cloudfunctions.googleapis.com:enable x-goog-quota-user=projects/trip-payment
[debug] [2024-01-13T20:20:28.950Z] <<< [apiv2][status] POST https://serviceusage.googleapis.com/v1/projects/trip-payment/services/cloudfunctions.googleapis.com:enable 200
[debug] [2024-01-13T20:20:28.951Z] <<< [apiv2][body] POST https://serviceusage.googleapis.com/v1/projects/trip-payment/services/cloudfunctions.googleapis.com:enable [omitted]
[debug] [2024-01-13T20:20:38.955Z] >>> [apiv2][query] GET https://serviceusage.googleapis.com/v1/projects/trip-payment/services/cloudfunctions.googleapis.com [none]
[debug] [2024-01-13T20:20:38.956Z] >>> [apiv2][(partial)header] GET https://serviceusage.googleapis.com/v1/projects/trip-payment/services/cloudfunctions.googleapis.com x-goog-quota-user=projects/trip-payment
[debug] [2024-01-13T20:20:40.415Z] <<< [apiv2][status] GET https://serviceusage.googleapis.com/v1/projects/trip-payment/services/cloudfunctions.googleapis.com 200
[debug] [2024-01-13T20:20:40.416Z] <<< [apiv2][body] GET https://serviceusage.googleapis.com/v1/projects/trip-payment/services/cloudfunctions.googleapis.com [omitted]
[info] Let's create a new codebase for your functions.
[info] A directory corresponding to the codebase will be created in your project
[info] with sample code pre-configured.

[info] See https://firebase.google.com/docs/functions/organize-functions for
[info] more information on organizing your functions using codebases.

[info] Functions can be deployed with firebase deploy.

[info] ✔  Wrote functions/package.json 
[info] ✔  Wrote functions/.eslintrc.js 
[info] ✔  Wrote functions/index.js 
[info] ✔  Wrote functions/.gitignore 
[info] 
=== Hosting Setup
[debug] [2024-01-13T20:22:48.828Z] >>> [apiv2][query] GET https://firebase.googleapis.com/v1beta1/projects/trip-payment [none]
[debug] [2024-01-13T20:22:51.486Z] <<< [apiv2][status] GET https://firebase.googleapis.com/v1beta1/projects/trip-payment 200
[debug] [2024-01-13T20:22:51.487Z] <<< [apiv2][body] GET https://firebase.googleapis.com/v1beta1/projects/trip-payment {"projectId":"trip-payment","projectNumber":"466569723967","displayName":"Trip Payment","name":"projects/trip-payment","resources":{"hostingSite":"trip-payment","realtimeDatabaseInstance":"trip-payment-default-rtdb"},"state":"ACTIVE","etag":"1_6faf75df-ef16-4626-8486-57d0083a5c16"}
[info] 
[info] Your public directory is the folder (relative to your project directory) that
[info] will contain Hosting assets to be uploaded with firebase deploy. If you
[info] have a build process for your assets, use your build's output directory.
[info] 
[debug] [2024-01-13T20:24:41.465Z] >>> [apiv2][query] GET https://www.gstatic.com/firebasejs/releases.json [none]
[debug] [2024-01-13T20:24:43.277Z] <<< [apiv2][status] GET https://www.gstatic.com/firebasejs/releases.json 200
[debug] [2024-01-13T20:24:43.278Z] <<< [apiv2][body] GET https://www.gstatic.com/firebasejs/releases.json {"current":{"version":"10.7.1","browserURL":"https://www.gstatic.com/firebasejs/10.7.1/firebase.js","packageURL":"https://www.gstatic.com/firebasejs/10.7.1/firebase.tgz"},"live":{"version":"10.7","browserURL":"https://www.gstatic.com/firebasejs/live/10.7/firebase.js","packageURL":"https://www.gstatic.com/firebasejs/live/10.7/firebase.tgz"},"components":{"analytics":"https://www.gstatic.com/firebasejs/10.7.1/firebase-analytics.js","app":"https://www.gstatic.com/firebasejs/10.7.1/firebase-app.js","app-check":"https://www.gstatic.com/firebasejs/10.7.1/firebase-app-check.js","auth":"https://www.gstatic.com/firebasejs/10.7.1/firebase-auth.js","auth/cordova":"https://www.gstatic.com/firebasejs/10.7.1/firebase-auth/cordova.js","functions":"https://www.gstatic.com/firebasejs/10.7.1/firebase-functions.js","firestore":"https://www.gstatic.com/firebasejs/10.7.1/firebase-firestore.js","firestore/lite":"https://www.gstatic.com/firebasejs/10.7.1/firebase-firestore/lite.js","installations":"https://www.gstatic.com/firebasejs/10.7.1/firebase-installations.js","storage":"https://www.gstatic.com/firebasejs/10.7.1/firebase-storage.js","performance":"https://www.gstatic.com/firebasejs/10.7.1/firebase-performance.js","remote-config":"https://www.gstatic.com/firebasejs/10.7.1/firebase-remote-config.js","messaging":"https://www.gstatic.com/firebasejs/10.7.1/firebase-messaging.js","messaging/sw":"https://www.gstatic.com/firebasejs/10.7.1/firebase-messaging/sw.js","database":"https://www.gstatic.com/firebasejs/10.7.1/firebase-database.js","firestore.memory":"https://www.gstatic.com/firebasejs/10.7.1/firebase-firestore.memory.js"}}
[info] ✔  Wrote public/index.html 
[info] 
[info] i  Detected a .git folder at /Users/eljakes/payment-tracker 
[info] i  Authorizing with GitHub to upload your service account to a GitHub repository's secrets store. 
[info] 
[info] Visit this URL on this device to log in:
[info] https://github.com/login/oauth/authorize?client_id=89cf50f02ac6aaed3484&state=689323886&redirect_uri=http%3A%2F%2Flocalhost%3A9005&scope=read%3Auser%20repo%20public_repo
[info] 
[info] Waiting for authentication...
[debug] [2024-01-13T20:24:59.770Z] >>> [apiv2][query] POST https://github.com/login/oauth/access_token [none]
[debug] [2024-01-13T20:24:59.770Z] >>> [apiv2][body] POST https://github.com/login/oauth/access_token [stream]
[debug] [2024-01-13T20:25:02.901Z] <<< [apiv2][status] POST https://github.com/login/oauth/access_token 200
[debug] [2024-01-13T20:25:02.902Z] <<< [apiv2][body] POST https://github.com/login/oauth/access_token {"access_token":"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","token_type":"bearer","scope":"read:user,repo"}
[debug] [2024-01-13T20:25:02.918Z] >>> [apiv2][query] GET https://api.github.com/user [none]
[debug] [2024-01-13T20:25:05.599Z] <<< [apiv2][status] GET https://api.github.com/user 200
[debug] [2024-01-13T20:25:05.600Z] <<< [apiv2][body] GET https://api.github.com/user {"login":"eljakes","id":108917262,"node_id":"U_kgDOBn3yDg","avatar_url":"https://avatars.githubusercontent.com/u/108917262?v=4","gravatar_id":"","url":"https://api.github.com/users/eljakes","html_url":"https://github.com/eljakes","followers_url":"https://api.github.com/users/eljakes/followers","following_url":"https://api.github.com/users/eljakes/following{/other_user}","gists_url":"https://api.github.com/users/eljakes/gists{/gist_id}","starred_url":"https://api.github.com/users/eljakes/starred{/owner}{/repo}","subscriptions_url":"https://api.github.com/users/eljakes/subscriptions","organizations_url":"https://api.github.com/users/eljakes/orgs","repos_url":"https://api.github.com/users/eljakes/repos","events_url":"https://api.github.com/users/eljakes/events{/privacy}","received_events_url":"https://api.github.com/users/eljakes/received_events","type":"User","site_admin":false,"name":"Elvis Owusu-Sekyere","company":null,"blog":"","location":null,"email":null,"hireable":null,"bio":"Junior Software Engineer","twitter_username":null,"public_repos":21,"public_gists":0,"followers":2,"following":2,"created_at":"2022-07-08T05:11:38Z","updated_at":"2024-01-11T04:44:18Z","private_gists":0,"total_private_repos":3,"owned_private_repos":3,"disk_usage":10336,"collaborators":0,"two_factor_authentication":false,"plan":{"name":"free","space":976562499,"collaborators":0,"private_repos":10000}}
[info] 
[info] ✔  Success! Logged into GitHub as eljakes 
[info] 
[debug] [2024-01-13T20:25:50.774Z] >>> [apiv2][query] GET https://api.github.com/repos//actions/secrets/public-key type=owner
[debug] [2024-01-13T20:25:54.490Z] <<< [apiv2][status] GET https://api.github.com/repos//actions/secrets/public-key 404
[debug] [2024-01-13T20:25:54.491Z] <<< [apiv2][body] GET https://api.github.com/repos//actions/secrets/public-key {"message":"Not Found","documentation_url":"https://docs.github.com/rest"}
[info] 
[info] 
[error] ⚠  The provided authorization cannot be used with this repository. If this repository is in an organization, did you remember to grant access? 
[info] 
[info] i  Action required: Visit this URL to ensure access has been granted to the appropriate organization(s) for the Firebase CLI GitHub OAuth App: 
[info] https://github.com/settings/connections/applications/89cf50f02ac6aaed3484
[info] 
